<?xml version="1.0" encoding="UTF-8"?>
<!-- Generated by org.testng.reporters.JUnitReportReporter -->
<testsuite name="com.automation.pages.TestBuyAProduct" tests="1" time="28.447" ignored="0" failures="0" timestamp="22 Aug 2017 01:17:14 GMT" skipped="0" hostname="BEDI-PC" errors="0">
  <testcase name="buyProduct" time="28.447" classname="com.automation.pages.TestBuyAProduct"/>
</testsuite> <!-- com.automation.pages.TestBuyAProduct -->
